Copyright 1986-2020 Xilinx, Inc. All Rights Reserved.
------------------------------------------------------------------------------------
| Tool Version : Vivado v.2020.2 (win64) Build 3064766 Wed Nov 18 09:12:45 MST 2020
| Date         : Tue Aug 29 14:14:04 2023
| Host         : LAPTOP-CPN4S66N running 64-bit major release  (build 9200)
| Command      : upgrade_ip
| Device       : xc7a100tcsg324-1
------------------------------------------------------------------------------------

Upgrade Log for IP 'ddr'

1. Summary
----------

SUCCESS in the upgrade of ddr from xilinx.com:ip:mig_7series:4.1 to xilinx.com:ip:mig_7series:4.2 (Rev. 1)






Copyright 1986-2020 Xilinx, Inc. All Rights Reserved.
------------------------------------------------------------------------------------
| Tool Version : Vivado v.2020.2 (win64) Build 3064766 Wed Nov 18 09:12:45 MST 2020
| Date         : Tue Aug 29 14:13:30 2023
| Host         : LAPTOP-CPN4S66N running 64-bit major release  (build 9200)
| Command      : upgrade_ip
| Device       : xc7a100tcsg324-1
------------------------------------------------------------------------------------

Upgrade Log for IP 'Square_Root'

1. Summary
----------

SUCCESS in the upgrade of Square_Root (xilinx.com:ip:cordic:6.0) from (Rev. 14) to (Rev. 16)






Copyright 1986-2020 Xilinx, Inc. All Rights Reserved.
------------------------------------------------------------------------------------
| Tool Version : Vivado v.2020.2 (win64) Build 3064766 Wed Nov 18 09:12:45 MST 2020
| Date         : Tue Aug 29 14:13:29 2023
| Host         : LAPTOP-CPN4S66N running 64-bit major release  (build 9200)
| Command      : upgrade_ip
| Device       : xc7a100tcsg324-1
------------------------------------------------------------------------------------

Upgrade Log for IP 'ClkGen'

1. Summary
----------

SUCCESS in the upgrade of ClkGen (xilinx.com:ip:clk_wiz:6.0) from (Rev. 1) to (Rev. 6)






Copyright 1986-2020 Xilinx, Inc. All Rights Reserved.
------------------------------------------------------------------------------------
| Tool Version : Vivado v.2020.2 (win64) Build 3064766 Wed Nov 18 09:12:45 MST 2020
| Date         : Tue Aug 29 14:13:18 2023
| Host         : LAPTOP-CPN4S66N running 64-bit major release  (build 9200)
| Command      : upgrade_ip
| Device       : xc7a100tcsg324-1
------------------------------------------------------------------------------------

Upgrade Log for IP 'BRAM_1'

1. Summary
----------

SUCCESS in the upgrade of BRAM_1 (xilinx.com:ip:blk_mem_gen:8.4) from (Rev. 1) to (Rev. 4)

